<?xml version="1.0" encoding="UTF-8"?>
<!-- Generated by org.testng.reporters.JUnitXMLReporter -->
<testsuite ignored="1" hostname="DESKTOP-EGG68CQ" failures="0" tests="1" name="EdgeTest(failed)(failed)(failed)" time="52.097" errors="0" timestamp="2022-03-10T18:47:25 IST">
  <testcase classname="passionate.TestClassMobileRecharge" name="verifyPayButton" time="14.472"/>
  <testcase classname="passionate.TestClassMobileRecharge" name="verifyMobileRechareButton" time="0.0">
    <ignored/>
  </testcase> <!-- verifyMobileRechareButton -->
</testsuite> <!-- EdgeTest(failed)(failed)(failed) -->
