<?xml version="1.0" encoding="UTF-8"?>
<!-- Generated by org.testng.reporters.JUnitXMLReporter -->
<testsuite ignored="2" hostname="DESKTOP-EGG68CQ" failures="0" tests="3" name="ChromeTest" time="198.931" errors="0" timestamp="2022-04-21T16:07:13 IST">
  <testcase classname="passionate.TestClassMobileRecharge" name="verifyMobileRechareButton" time="1.244"/>
  <testcase classname="passionate.TestClassHeader" name="verifyRetrunsAndOrdersTab" time="19.6"/>
  <testcase classname="passionate.TestClassMobileRecharge" name="verifyPayButton" time="14.864"/>
  <testcase classname="passionate.TestClassHeader" name="verifyCartTab" time="0.0">
    <ignored/>
  </testcase> <!-- verifyCartTab -->
  <testcase classname="passionate.TestClassHeader" name="verifyAmazonPayTab" time="0.0">
    <ignored/>
  </testcase> <!-- verifyAmazonPayTab -->
</testsuite> <!-- ChromeTest -->
