<?xml version="1.0" encoding="UTF-8"?>
<!-- Generated by org.testng.reporters.JUnitXMLReporter -->
<testsuite ignored="2" hostname="DESKTOP-EGG68CQ" failures="0" tests="3" name="ChromeTest" time="96.483" errors="0" timestamp="2022-03-11T00:22:37 IST">
  <testcase classname="passionate.TestClassHeader" name="verifyRetrunsAndOrdersTab" time="28.194"/>
  <testcase classname="passionate.TestClassMobileRecharge" name="verifyMobileRechareButton" time="2.18"/>
  <testcase classname="passionate.TestClassMobileRecharge" name="verifyPayButton" time="14.507"/>
  <testcase classname="passionate.TestClassHeader" name="verifyCartTab" time="0.0">
    <ignored/>
  </testcase> <!-- verifyCartTab -->
  <testcase classname="passionate.TestClassHeader" name="verifyAmazonPayTab" time="0.0">
    <ignored/>
  </testcase> <!-- verifyAmazonPayTab -->
</testsuite> <!-- ChromeTest -->
