<?xml version="1.0" encoding="UTF-8"?>
<!-- Generated by org.testng.reporters.JUnitXMLReporter -->
<testsuite ignored="7" hostname="DESKTOP-EGG68CQ" failures="0" tests="3" name="Test" time="37.832" errors="0" timestamp="2022-02-28T17:09:40 IST">
  <testcase classname="passionate.TestClassHeader" name="@BeforeClass createObjectOfPOMClasses" time="0.003">
    <failure type="java.lang.NullPointerException">
      <![CDATA[java.lang.NullPointerException
at java.base/java.util.Objects.requireNonNull(Objects.java:208)
at org.openqa.selenium.interactions.Actions.<init>(Actions.java:65)
at pom.ApplicationHeaderPage.<init>(ApplicationHeaderPage.java:37)
at passionate.TestClassHeader.createObjectOfPOMClasses(TestClassHeader.java:63)
at java.base/java.util.ArrayList.forEach(ArrayList.java:1511)
... Removed 25 stack frames]]>
    </failure>
  </testcase> <!-- @BeforeClass createObjectOfPOMClasses -->
  <testcase classname="passionate.TestClassMobileRecharge" name="@BeforeClass launchTheBrowser" time="0.0">
    <skipped/>
  </testcase> <!-- @BeforeClass launchTheBrowser -->
  <testcase classname="passionate.TestClassHeader" name="@BeforeMethod signInToApplication" time="0.0">
    <skipped/>
  </testcase> <!-- @BeforeMethod signInToApplication -->
  <testcase classname="passionate.TestClassMobileRecharge" name="@BeforeMethod loginToTheApplication" time="0.0">
    <skipped/>
  </testcase> <!-- @BeforeMethod loginToTheApplication -->
  <testcase classname="passionate.TestClassMobileRecharge" name="@AfterMethod logoutFromTheApplication" time="0.0">
    <skipped/>
  </testcase> <!-- @AfterMethod logoutFromTheApplication -->
  <testcase classname="passionate.TestClassHeader" name="@AfterMethod logoutFromApplication" time="0.0">
    <skipped/>
  </testcase> <!-- @AfterMethod logoutFromApplication -->
  <testcase classname="passionate.TestClassHeader" name="@BeforeMethod signInToApplication" time="0.0">
    <skipped/>
  </testcase> <!-- @BeforeMethod signInToApplication -->
  <testcase classname="passionate.TestClassMobileRecharge" name="@BeforeMethod loginToTheApplication" time="0.0">
    <skipped/>
  </testcase> <!-- @BeforeMethod loginToTheApplication -->
  <testcase classname="passionate.TestClassMobileRecharge" name="@AfterMethod logoutFromTheApplication" time="0.0">
    <skipped/>
  </testcase> <!-- @AfterMethod logoutFromTheApplication -->
  <testcase classname="passionate.TestClassHeader" name="@AfterMethod logoutFromApplication" time="0.0">
    <skipped/>
  </testcase> <!-- @AfterMethod logoutFromApplication -->
  <testcase classname="passionate.TestClassMobileRecharge" name="@AfterClass closeTheBrowser" time="0.0">
    <skipped/>
  </testcase> <!-- @AfterClass closeTheBrowser -->
  <testcase classname="passionate.TestClassHeader" name="@AfterClass clearPomClassObjectReferences" time="0.0">
    <skipped/>
  </testcase> <!-- @AfterClass clearPomClassObjectReferences -->
  <testcase classname="passionate.TestClassHeader" name="@AfterTest closeTheBrowser" time="0.0">
    <skipped/>
  </testcase> <!-- @AfterTest closeTheBrowser -->
  <testcase classname="passionate.TestClassHeader" name="verifyRetrunsAndOrdersTab" time="10.632"/>
  <testcase classname="passionate.TestClassHeader" name="verifyRetrunsAndOrdersTab" time="0.0">
    <skipped/>
  </testcase> <!-- verifyRetrunsAndOrdersTab -->
  <testcase classname="passionate.TestClassMobileRecharge" name="verifyPayButton" time="0.001">
    <skipped/>
  </testcase> <!-- verifyPayButton -->
  <testcase classname="passionate.TestClassMobileRecharge" name="verifyVisibilityOfEditOperatorAndCircleButton" time="0.0">
    <ignored/>
  </testcase> <!-- verifyVisibilityOfEditOperatorAndCircleButton -->
  <testcase classname="passionate.TestClassHeader" name="verifyCartTab" time="0.0">
    <ignored/>
  </testcase> <!-- verifyCartTab -->
  <testcase classname="passionate.TestClassHeader" name="verifyAmazonPayTab" time="0.0">
    <ignored/>
  </testcase> <!-- verifyAmazonPayTab -->
  <testcase classname="passionate.TestClassHeader" name="verifyCartTab" time="0.0">
    <ignored/>
  </testcase> <!-- verifyCartTab -->
  <testcase classname="passionate.TestClassHeader" name="@BeforeTest lauchBrowser" time="0.0">
    <ignored/>
  </testcase> <!-- @BeforeTest lauchBrowser -->
  <testcase classname="passionate.TestClassMobileRecharge" name="verifyMobileRechareButton" time="0.0">
    <ignored/>
  </testcase> <!-- verifyMobileRechareButton -->
  <testcase classname="passionate.TestClassHeader" name="verifyAmazonPayTab" time="0.0">
    <ignored/>
  </testcase> <!-- verifyAmazonPayTab -->
</testsuite> <!-- Test -->
