<?xml version="1.0" encoding="UTF-8"?>
<testng-results ignored="1" total="2" passed="1" failed="0" skipped="0">
  <reporter-output>
  </reporter-output>
  <suite started-at="2022-03-11T00:29:33 IST" name="Failed suite [regressionSuit]" finished-at="2022-03-11T00:30:17 IST" duration-ms="43576">
    <groups>
    </groups>
    <test started-at="2022-03-11T00:29:33 IST" name="EdgeTest(failed)" finished-at="2022-03-11T00:30:17 IST" duration-ms="43576">
      <class name="passionate.TestClassMobileRecharge">
        <test-method is-config="true" signature="lauchBrowser(java.lang.String)[pri:0, instance:passionate.TestClassMobileRecharge@5d0a1059]" started-at="2022-03-11T00:29:33 IST" name="lauchBrowser" finished-at="2022-03-11T00:29:36 IST" duration-ms="3117" status="PASS">
          <params>
            <param index="0">
              <value>
                <![CDATA[Edge]]>
              </value>
            </param>
          </params>
          <reporter-output>
          </reporter-output>
        </test-method> <!-- lauchBrowser -->
        <test-method is-config="true" signature="launchTheBrowser()[pri:0, instance:passionate.TestClassMobileRecharge@5d0a1059]" started-at="2022-03-11T00:29:36 IST" name="launchTheBrowser" finished-at="2022-03-11T00:29:36 IST" duration-ms="50" status="PASS">
          <reporter-output>
          </reporter-output>
        </test-method> <!-- launchTheBrowser -->
        <test-method is-config="true" signature="loginToTheApplication()[pri:0, instance:passionate.TestClassMobileRecharge@5d0a1059]" started-at="2022-03-11T00:29:36 IST" name="loginToTheApplication" finished-at="2022-03-11T00:30:01 IST" duration-ms="24292" status="PASS">
          <reporter-output>
          </reporter-output>
        </test-method> <!-- loginToTheApplication -->
        <test-method signature="verifyPayButton()[pri:2, instance:passionate.TestClassMobileRecharge@5d0a1059]" started-at="2022-03-11T00:30:01 IST" name="verifyPayButton" finished-at="2022-03-11T00:30:14 IST" duration-ms="13074" status="PASS">
          <reporter-output>
          </reporter-output>
        </test-method> <!-- verifyPayButton -->
        <test-method is-config="true" signature="logoutFromTheApplication()[pri:0, instance:passionate.TestClassMobileRecharge@5d0a1059]" started-at="2022-03-11T00:30:14 IST" name="logoutFromTheApplication" finished-at="2022-03-11T00:30:16 IST" duration-ms="2490" status="PASS">
          <reporter-output>
          </reporter-output>
        </test-method> <!-- logoutFromTheApplication -->
        <test-method is-config="true" signature="clearPOMClassObjectReferences()[pri:0, instance:passionate.TestClassMobileRecharge@5d0a1059]" started-at="2022-03-11T00:30:16 IST" name="clearPOMClassObjectReferences" finished-at="2022-03-11T00:30:16 IST" duration-ms="1" status="PASS">
          <reporter-output>
          </reporter-output>
        </test-method> <!-- clearPOMClassObjectReferences -->
        <test-method is-config="true" signature="closeTheBrowser()[pri:0, instance:passionate.TestClassMobileRecharge@5d0a1059]" started-at="2022-03-11T00:30:16 IST" name="closeTheBrowser" finished-at="2022-03-11T00:30:17 IST" duration-ms="471" status="PASS">
          <reporter-output>
          </reporter-output>
        </test-method> <!-- closeTheBrowser -->
      </class> <!-- passionate.TestClassMobileRecharge -->
    </test> <!-- EdgeTest(failed) -->
  </suite> <!-- Failed suite [regressionSuit] -->
</testng-results>
