<?xml version="1.0" encoding="UTF-8"?>
<!-- Generated by org.testng.reporters.JUnitXMLReporter -->
<testsuite ignored="0" hostname="DESKTOP-EGG68CQ" failures="0" tests="2" name="ChromeTest(failed)(failed)" time="95.985" errors="0" timestamp="2022-03-10T18:42:07 IST">
  <testcase classname="passionate.TestClassMobileRecharge" name="verifyMobileRechareButton" time="0.36"/>
  <testcase classname="passionate.TestClassMobileRecharge" name="verifyPayButton" time="22.507"/>
</testsuite> <!-- ChromeTest(failed)(failed) -->
